2022-12-03 16:26:49.792  INFO 18468 --- [restartedMain] c.l.a5.KnowYourNeighborhoodApplication   : Starting KnowYourNeighborhoodApplication using Java 11.0.16.1 on Yoghantara with PID 18468 (D:\STS-workspace\Know-Your-Neighborhood\target\classes started by User in D:\STS-workspace\Know-Your-Neighborhood)
2022-12-03 16:26:49.799  INFO 18468 --- [restartedMain] c.l.a5.KnowYourNeighborhoodApplication   : No active profile set, falling back to 1 default profile: "default"
2022-12-03 16:26:49.869  INFO 18468 --- [restartedMain] .e.DevToolsPropertyDefaultsPostProcessor : Devtools property defaults active! Set 'spring.devtools.add-properties' to 'false' to disable
2022-12-03 16:26:49.870  INFO 18468 --- [restartedMain] .e.DevToolsPropertyDefaultsPostProcessor : For additional web related logging consider setting the 'logging.level.web' property to 'DEBUG'
2022-12-03 16:26:50.527  INFO 18468 --- [restartedMain] .s.d.r.c.RepositoryConfigurationDelegate : Bootstrapping Spring Data JPA repositories in DEFAULT mode.
2022-12-03 16:26:50.597  INFO 18468 --- [restartedMain] .s.d.r.c.RepositoryConfigurationDelegate : Finished Spring Data repository scanning in 60 ms. Found 3 JPA repository interfaces.
2022-12-03 16:26:51.365  INFO 18468 --- [restartedMain] o.s.b.w.embedded.tomcat.TomcatWebServer  : Tomcat initialized with port(s): 8080 (http)
2022-12-03 16:26:51.376  INFO 18468 --- [restartedMain] o.apache.catalina.core.StandardService   : Starting service [Tomcat]
2022-12-03 16:26:51.377  INFO 18468 --- [restartedMain] org.apache.catalina.core.StandardEngine  : Starting Servlet engine: [Apache Tomcat/9.0.69]
2022-12-03 16:26:51.654  INFO 18468 --- [restartedMain] org.apache.jasper.servlet.TldScanner     : At least one JAR was scanned for TLDs yet contained no TLDs. Enable debug logging for this logger for a complete list of JARs that were scanned but no TLDs were found in them. Skipping unneeded JARs during scanning can improve startup time and JSP compilation time.
2022-12-03 16:26:51.667  INFO 18468 --- [restartedMain] o.a.c.c.C.[Tomcat].[localhost].[/]       : Initializing Spring embedded WebApplicationContext
2022-12-03 16:26:51.667  INFO 18468 --- [restartedMain] w.s.c.ServletWebServerApplicationContext : Root WebApplicationContext: initialization completed in 1796 ms
2022-12-03 16:26:51.871  INFO 18468 --- [restartedMain] o.hibernate.jpa.internal.util.LogHelper  : HHH000204: Processing PersistenceUnitInfo [name: default]
2022-12-03 16:26:51.930  INFO 18468 --- [restartedMain] org.hibernate.Version                    : HHH000412: Hibernate ORM core version 5.6.14.Final
2022-12-03 16:26:52.088  INFO 18468 --- [restartedMain] o.hibernate.annotations.common.Version   : HCANN000001: Hibernate Commons Annotations {5.1.2.Final}
2022-12-03 16:26:52.191  INFO 18468 --- [restartedMain] com.zaxxer.hikari.HikariDataSource       : HikariPool-1 - Starting...
2022-12-03 16:26:52.377  INFO 18468 --- [restartedMain] com.zaxxer.hikari.HikariDataSource       : HikariPool-1 - Start completed.
2022-12-03 16:26:52.397  INFO 18468 --- [restartedMain] org.hibernate.dialect.Dialect            : HHH000400: Using dialect: org.hibernate.dialect.MySQL8Dialect
2022-12-03 16:26:53.134  INFO 18468 --- [restartedMain] o.h.e.t.j.p.i.JtaPlatformInitiator       : HHH000490: Using JtaPlatform implementation: [org.hibernate.engine.transaction.jta.platform.internal.NoJtaPlatform]
2022-12-03 16:26:53.142  INFO 18468 --- [restartedMain] j.LocalContainerEntityManagerFactoryBean : Initialized JPA EntityManagerFactory for persistence unit 'default'
2022-12-03 16:26:53.704  INFO 18468 --- [restartedMain] o.s.s.web.DefaultSecurityFilterChain     : Will secure any request with [org.springframework.security.web.session.DisableEncodeUrlFilter@4d8183c3, org.springframework.security.web.context.request.async.WebAsyncManagerIntegrationFilter@18fa026, org.springframework.security.web.context.SecurityContextPersistenceFilter@322a9976, org.springframework.security.web.header.HeaderWriterFilter@438394af, org.springframework.security.web.csrf.CsrfFilter@24c7165e, org.springframework.security.web.authentication.logout.LogoutFilter@638bf000, org.springframework.security.web.authentication.UsernamePasswordAuthenticationFilter@67783823, org.springframework.security.web.savedrequest.RequestCacheAwareFilter@42f793f6, org.springframework.security.web.servletapi.SecurityContextHolderAwareRequestFilter@48e9754a, org.springframework.security.web.authentication.AnonymousAuthenticationFilter@7ed00b18, org.springframework.security.web.session.SessionManagementFilter@7e82b893, org.springframework.security.web.access.ExceptionTranslationFilter@2394d166, org.springframework.security.web.access.intercept.FilterSecurityInterceptor@344785b2]
2022-12-03 16:26:53.755  WARN 18468 --- [restartedMain] JpaBaseConfiguration$JpaWebConfiguration : spring.jpa.open-in-view is enabled by default. Therefore, database queries may be performed during view rendering. Explicitly configure spring.jpa.open-in-view to disable this warning
2022-12-03 16:26:54.091  INFO 18468 --- [restartedMain] o.s.b.d.a.OptionalLiveReloadServer       : LiveReload server is running on port 35729
2022-12-03 16:26:54.147  INFO 18468 --- [restartedMain] o.s.b.w.embedded.tomcat.TomcatWebServer  : Tomcat started on port(s): 8080 (http) with context path ''
2022-12-03 16:26:54.161  INFO 18468 --- [restartedMain] c.l.a5.KnowYourNeighborhoodApplication   : Started KnowYourNeighborhoodApplication in 4.813 seconds (JVM running for 5.363)
2022-12-03 16:27:00.161  INFO 18468 --- [http-nio-8080-exec-1] o.a.c.c.C.[Tomcat].[localhost].[/]       : Initializing Spring DispatcherServlet 'dispatcherServlet'
2022-12-03 16:27:00.162  INFO 18468 --- [http-nio-8080-exec-1] o.s.web.servlet.DispatcherServlet        : Initializing Servlet 'dispatcherServlet'
2022-12-03 16:27:00.163  INFO 18468 --- [http-nio-8080-exec-1] o.s.web.servlet.DispatcherServlet        : Completed initialization in 1 ms
2022-12-03 16:27:15.376  INFO 18468 --- [http-nio-8080-exec-5] c.lithan.a5.controller.StoreController   : Inside home of StoreController
